<?xml version="1.0" encoding="UTF-8"?>
<!-- Generated by org.testng.reporters.JUnitReportReporter -->
<testsuite hostname="TYSS-Yogita" failures="0" tests="1" name="demoWebShop.LoginTest" time="0.748" errors="0" timestamp="2022-08-26T12:43:20 IST" skipped="0">
  <testcase classname="demoWebShop.LoginTest" name="testCase1" time="0.748"/>
  <system-out/>
</testsuite> <!-- demoWebShop.LoginTest -->
