<?xml version="1.0" encoding="UTF-8"?>
<!-- Generated by org.testng.reporters.JUnitReportReporter -->
<testsuite hostname="TYSS-Yogita" failures="0" tests="1" name="learningMaven.OpenBrowserTest" time="2.135" errors="0" timestamp="2022-08-23T15:28:14 IST" skipped="0">
  <testcase classname="learningMaven.OpenBrowserTest" name="testCase" time="2.135"/>
  <system-out/>
</testsuite> <!-- learningMaven.OpenBrowserTest -->
