<?xml version="1.0" encoding="UTF-8"?>
<!-- Generated by org.testng.reporters.JUnitReportReporter -->
<testsuite hostname="TYSS-Yogita" failures="0" tests="3" name="learningMaven.DataDrivenTesting" time="16.690" errors="0" timestamp="2022-08-26T13:59:06 IST" skipped="0">
  <testcase classname="learningMaven.DataDrivenTesting" name="testCase" time="5.558"/>
  <system-out>
    <![CDATA[User is navigated to the home page
User is navigated to login page]]>
  </system-out>
  <testcase classname="learningMaven.DataDrivenTesting" name="testCase" time="5.497"/>
  <system-out>
    <![CDATA[User is navigated to the home page
User is navigated to login page]]>
  </system-out>
  <testcase classname="learningMaven.DataDrivenTesting" name="testCase" time="5.635"/>
  <system-out>
    <![CDATA[User is navigated to the home page
User is navigated to login page]]>
  </system-out>
</testsuite> <!-- learningMaven.DataDrivenTesting -->
